[debug] [2023-02-16T11:42:04.778Z] ----------------------------------------------------------------------
[debug] [2023-02-16T11:42:04.779Z] Command:       C:\Program Files\nodejs\node.exe C:\Users\temug\AppData\Roaming\npm\node_modules\firebase-tools\lib\bin\firebase.js init
[debug] [2023-02-16T11:42:04.780Z] CLI Version:   11.23.1
[debug] [2023-02-16T11:42:04.780Z] Platform:      win32
[debug] [2023-02-16T11:42:04.781Z] Node Version:  v18.14.0
[debug] [2023-02-16T11:42:04.782Z] Time:          Thu Feb 16 2023 19:42:04 GMT+0800 (Ulaanbaatar Standard Time)
[debug] [2023-02-16T11:42:04.782Z] ----------------------------------------------------------------------
[debug] 
[debug] [2023-02-16T11:42:04.791Z] > command requires scopes: ["email","openid","https://www.googleapis.com/auth/cloudplatformprojects.readonly","https://www.googleapis.com/auth/firebase","https://www.googleapis.com/auth/cloud-platform"]
[debug] [2023-02-16T11:42:04.791Z] > authorizing via signed-in user (5105temuge@gmail.com)
[info] 
     ######## #### ########  ######## ########     ###     ######  ########
     ##        ##  ##     ## ##       ##     ##  ##   ##  ##       ##
     ######    ##  ########  ######   ########  #########  ######  ######
     ##        ##  ##    ##  ##       ##     ## ##     ##       ## ##
     ##       #### ##     ## ######## ########  ##     ##  ######  ########

You're about to initialize a Firebase project in this directory:

  C:\Users\temug\Documents\github\amjiltcamp.github.io

[info] 
=== Project Setup
[info] 
[info] First, let's associate this project directory with a Firebase project.
[info] You can create multiple project aliases by running firebase use --add, 
[info] but for now we'll just set up a default project.
[info] 
[debug] [2023-02-16T11:42:30.025Z] > refreshing access token with scopes: []
[debug] [2023-02-16T11:42:30.027Z] >>> [apiv2][query] POST https://www.googleapis.com/oauth2/v3/token [none]
[debug] [2023-02-16T11:42:30.027Z] >>> [apiv2][body] POST https://www.googleapis.com/oauth2/v3/token [omitted]
[debug] [2023-02-16T11:42:30.850Z] <<< [apiv2][status] POST https://www.googleapis.com/oauth2/v3/token 200
[debug] [2023-02-16T11:42:30.850Z] <<< [apiv2][body] POST https://www.googleapis.com/oauth2/v3/token [omitted]
[debug] [2023-02-16T11:42:30.861Z] >>> [apiv2][query] GET https://firebase.googleapis.com/v1beta1/projects pageSize=100
[debug] [2023-02-16T11:42:32.093Z] <<< [apiv2][status] GET https://firebase.googleapis.com/v1beta1/projects 200
[debug] [2023-02-16T11:42:32.093Z] <<< [apiv2][body] GET https://firebase.googleapis.com/v1beta1/projects [omitted]
[info] i  Using project notperfectteam-6f330 (notperfectteam) 
[info] 
=== Hosting Setup
[info] 
[info] Your public directory is the folder (relative to your project directory) that
[info] will contain Hosting assets to be uploaded with firebase deploy. If you
[info] have a build process for your assets, use your build's output directory.
[info] 
[info] +  Wrote public/404.html 
[debug] [2023-02-16T11:42:55.098Z] >>> [apiv2][query] GET https://www.gstatic.com/firebasejs/releases.json [none]
[debug] [2023-02-16T11:42:56.074Z] <<< [apiv2][status] GET https://www.gstatic.com/firebasejs/releases.json 200
[debug] [2023-02-16T11:42:56.074Z] <<< [apiv2][body] GET https://www.gstatic.com/firebasejs/releases.json {"current":{"version":"9.17.1","browserURL":"https://www.gstatic.com/firebasejs/9.17.1/firebase.js","packageURL":"https://www.gstatic.com/firebasejs/9.17.1/firebase.tgz"},"live":{"version":"9.17","browserURL":"https://www.gstatic.com/firebasejs/live/9.17/firebase.js","packageURL":"https://www.gstatic.com/firebasejs/live/9.17/firebase.tgz"},"components":{"analytics":"https://www.gstatic.com/firebasejs/9.17.1/firebase-analytics.js","app":"https://www.gstatic.com/firebasejs/9.17.1/firebase-app.js","app-check":"https://www.gstatic.com/firebasejs/9.17.1/firebase-app-check.js","auth":"https://www.gstatic.com/firebasejs/9.17.1/firebase-auth.js","auth/cordova":"https://www.gstatic.com/firebasejs/9.17.1/firebase-auth/cordova.js","auth/react-native":"https://www.gstatic.com/firebasejs/9.17.1/firebase-auth/react-native.js","functions":"https://www.gstatic.com/firebasejs/9.17.1/firebase-functions.js","firestore":"https://www.gstatic.com/firebasejs/9.17.1/firebase-firestore.js","firestore/lite":"https://www.gstatic.com/firebasejs/9.17.1/firebase-firestore/lite.js","installations":"https://www.gstatic.com/firebasejs/9.17.1/firebase-installations.js","storage":"https://www.gstatic.com/firebasejs/9.17.1/firebase-storage.js","performance":"https://www.gstatic.com/firebasejs/9.17.1/firebase-performance.js","remote-config":"https://www.gstatic.com/firebasejs/9.17.1/firebase-remote-config.js","messaging":"https://www.gstatic.com/firebasejs/9.17.1/firebase-messaging.js","messaging/sw":"https://www.gstatic.com/firebasejs/9.17.1/firebase-messaging/sw.js","database":"https://www.gstatic.com/firebasejs/9.17.1/firebase-database.js","firestore.memory":"https://www.gstatic.com/firebasejs/9.17.1/firebase-firestore.memory.js"}}
[info] +  Wrote public/index.html 
[info] 
[info] i  Detected a .git folder at C:\Users\temug\Documents\github\amjiltcamp.github.io 
[info] i  Authorizing with GitHub to upload your service account to a GitHub repository's secrets store. 
[info] 
[info] Visit this URL on this device to log in:
[info] https://github.com/login/oauth/authorize?client_id=89cf50f02ac6aaed3484&state=1045962745&redirect_uri=http%3A%2F%2Flocalhost%3A9005&scope=read%3Auser%20repo%20public_repo
[info] 
[info] Waiting for authentication...
[debug] [2023-02-16T11:44:11.961Z] >>> [apiv2][query] POST https://github.com/login/oauth/access_token [none]
[debug] [2023-02-16T11:44:11.961Z] >>> [apiv2][body] POST https://github.com/login/oauth/access_token [stream]
[debug] [2023-02-16T11:44:16.012Z] <<< [apiv2][status] POST https://github.com/login/oauth/access_token 200
[debug] [2023-02-16T11:44:16.012Z] <<< [apiv2][body] POST https://github.com/login/oauth/access_token {"access_token":"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","token_type":"bearer","scope":"read:user,repo"}
[debug] [2023-02-16T11:44:16.017Z] >>> [apiv2][query] GET https://api.github.com/user [none]
[debug] [2023-02-16T11:44:27.243Z] <<< [apiv2][status] GET https://api.github.com/user 200
[debug] [2023-02-16T11:44:27.243Z] <<< [apiv2][body] GET https://api.github.com/user {"login":"5105temuge","id":80031580,"node_id":"MDQ6VXNlcjgwMDMxNTgw","avatar_url":"https://avatars.githubusercontent.com/u/80031580?v=4","gravatar_id":"","url":"https://api.github.com/users/5105temuge","html_url":"https://github.com/5105temuge","followers_url":"https://api.github.com/users/5105temuge/followers","following_url":"https://api.github.com/users/5105temuge/following{/other_user}","gists_url":"https://api.github.com/users/5105temuge/gists{/gist_id}","starred_url":"https://api.github.com/users/5105temuge/starred{/owner}{/repo}","subscriptions_url":"https://api.github.com/users/5105temuge/subscriptions","organizations_url":"https://api.github.com/users/5105temuge/orgs","repos_url":"https://api.github.com/users/5105temuge/repos","events_url":"https://api.github.com/users/5105temuge/events{/privacy}","received_events_url":"https://api.github.com/users/5105temuge/received_events","type":"User","site_admin":false,"name":"temuge","company":null,"blog":"","location":"mongolia","email":null,"hireable":null,"bio":"I am junior","twitter_username":null,"public_repos":5,"public_gists":0,"followers":0,"following":0,"created_at":"2021-03-04T08:14:32Z","updated_at":"2023-02-13T09:59:13Z","private_gists":0,"total_private_repos":5,"owned_private_repos":5,"disk_usage":22312,"collaborators":0,"two_factor_authentication":true,"plan":{"name":"free","space":976562499,"collaborators":0,"private_repos":10000}}
[info] 
[info] +  Success! Logged into GitHub as 5105temuge 
[info] 
[debug] [2023-02-16T11:44:34.418Z] >>> [apiv2][query] GET https://api.github.com/repos//actions/secrets/public-key type=owner
[debug] [2023-02-16T11:44:38.434Z] <<< [apiv2][status] GET https://api.github.com/repos//actions/secrets/public-key 404
[debug] [2023-02-16T11:44:38.434Z] <<< [apiv2][body] GET https://api.github.com/repos//actions/secrets/public-key {"message":"Not Found","documentation_url":"https://docs.github.com/rest"}
